2021-06-26 21:36:29,085 INFO o.a.j.u.JMeterUtils: Setting Locale to zh_TW
2021-06-26 21:36:29,204 INFO o.a.j.JMeter: Loading user properties from: user.properties
2021-06-26 21:36:29,204 INFO o.a.j.JMeter: Loading system properties from: system.properties
2021-06-26 21:36:29,214 INFO o.a.j.JMeter: Copyright (c) 1998-2019 The Apache Software Foundation
2021-06-26 21:36:29,215 INFO o.a.j.JMeter: Version 5.2.1
2021-06-26 21:36:29,215 INFO o.a.j.JMeter: java.version=1.8.0_292
2021-06-26 21:36:29,215 INFO o.a.j.JMeter: java.vm.name=OpenJDK 64-Bit Server VM
2021-06-26 21:36:29,216 INFO o.a.j.JMeter: os.name=Linux
2021-06-26 21:36:29,216 INFO o.a.j.JMeter: os.arch=amd64
2021-06-26 21:36:29,216 INFO o.a.j.JMeter: os.version=4.15.0-142-generic
2021-06-26 21:36:29,216 INFO o.a.j.JMeter: file.encoding=UTF-8
2021-06-26 21:36:29,216 INFO o.a.j.JMeter: java.awt.headless=null
2021-06-26 21:36:29,217 INFO o.a.j.JMeter: Max memory     =7484735488
2021-06-26 21:36:29,218 INFO o.a.j.JMeter: Available Processors =8
2021-06-26 21:36:29,254 INFO o.a.j.JMeter: Default Locale=中文 (台灣)
2021-06-26 21:36:29,255 INFO o.a.j.JMeter: JMeter  Locale=中文 (台灣)
2021-06-26 21:36:29,255 INFO o.a.j.JMeter: JMeterHome=/home/selab/jason/apache-jmeter-5.2.1
2021-06-26 21:36:29,255 INFO o.a.j.JMeter: user.dir  =/home/selab/jason/apache-jmeter-5.2.1/bin
2021-06-26 21:36:29,256 INFO o.a.j.JMeter: PWD       =/home/selab/jason/apache-jmeter-5.2.1/bin
2021-06-26 21:36:29,256 INFO o.a.j.JMeter: IP: 127.0.1.1 Name: selab-desktop FullName: selab-desktop
2021-06-26 21:36:30,481 INFO o.a.j.g.a.LookAndFeelCommand: Installing Darcula LAF
2021-06-26 21:36:30,651 INFO o.a.j.g.a.LookAndFeelCommand: Using look and feel: com.bulenkov.darcula.DarculaLaf [Darcula]
2021-06-26 21:36:30,652 INFO o.a.j.JMeter: Setting LAF to: com.bulenkov.darcula.DarculaLaf
2021-06-26 21:36:31,089 INFO o.a.j.JMeter: Loaded icon properties from org/apache/jmeter/images/icon.properties
2021-06-26 21:36:37,284 INFO o.a.j.p.h.s.HTTPSamplerBase: Parser for text/html is org.apache.jmeter.protocol.http.parser.LagartoBasedHtmlParser
2021-06-26 21:36:37,285 INFO o.a.j.p.h.s.HTTPSamplerBase: Parser for application/xhtml+xml is org.apache.jmeter.protocol.http.parser.LagartoBasedHtmlParser
2021-06-26 21:36:37,285 INFO o.a.j.p.h.s.HTTPSamplerBase: Parser for application/xml is org.apache.jmeter.protocol.http.parser.LagartoBasedHtmlParser
2021-06-26 21:36:37,286 INFO o.a.j.p.h.s.HTTPSamplerBase: Parser for text/xml is org.apache.jmeter.protocol.http.parser.LagartoBasedHtmlParser
2021-06-26 21:36:37,286 INFO o.a.j.p.h.s.HTTPSamplerBase: Parser for text/vnd.wap.wml is org.apache.jmeter.protocol.http.parser.RegexpHTMLParser
2021-06-26 21:36:37,286 INFO o.a.j.p.h.s.HTTPSamplerBase: Parser for text/css is org.apache.jmeter.protocol.http.parser.CssParser
2021-06-26 21:36:38,739 INFO o.a.j.e.KeyToolUtils: keytool found at 'keytool'
2021-06-26 21:36:38,739 INFO o.a.j.p.h.p.ProxyControl: HTTP(S) Test Script Recorder SSL Proxy will use keys that support embedded 3rd party resources in file /home/selab/jason/apache-jmeter-5.2.1/bin/proxyserver.jks
2021-06-26 21:36:39,213 INFO o.a.j.s.FileServer: Default base='/home/selab/jason/apache-jmeter-5.2.1/bin'
2021-06-26 21:36:40,531 INFO o.a.j.s.SampleResult: Note: Sample TimeStamps are START times
2021-06-26 21:36:40,532 INFO o.a.j.s.SampleResult: sampleresult.default.encoding is set to ISO-8859-1
2021-06-26 21:36:40,532 INFO o.a.j.s.SampleResult: sampleresult.useNanoTime=true
2021-06-26 21:36:40,532 INFO o.a.j.s.SampleResult: sampleresult.nanoThreadSleep=5000
2021-06-26 21:36:40,604 INFO o.a.j.v.ViewResultsFullVisualizer: Add JavaFX to your Java installation if you want to use renderer: org.apache.jmeter.visualizers.RenderInBrowser
2021-06-26 21:39:51,760 INFO o.a.j.v.ViewResultsFullVisualizer: Add JavaFX to your Java installation if you want to use renderer: org.apache.jmeter.visualizers.RenderInBrowser
2021-06-26 21:40:09,779 INFO o.a.j.s.FileServer: Set new base='/home/selab/jason/apache-jmeter-5.2.1/bin'
2021-06-26 21:40:10,084 INFO o.a.j.s.SaveService: Testplan (JMX) version: 2.2. Testlog (JTL) version: 2.2
2021-06-26 21:40:10,097 INFO o.a.j.s.SaveService: Using SaveService properties file encoding UTF-8
2021-06-26 21:40:10,113 INFO o.a.j.s.SaveService: Using SaveService properties version 5.0
2021-06-26 21:40:10,217 INFO o.a.j.e.StandardJMeterEngine: Running the test!
2021-06-26 21:40:10,224 INFO o.a.j.s.SampleEvent: List of sample_variables: []
2021-06-26 21:40:10,224 INFO o.a.j.s.SampleEvent: List of sample_variables: []
2021-06-26 21:40:10,234 INFO o.a.j.e.u.CompoundVariable: Note: Function class names must contain the string: '.functions.'
2021-06-26 21:40:10,235 INFO o.a.j.e.u.CompoundVariable: Note: Function class names must not contain the string: '.gui.'
2021-06-26 21:40:11,505 INFO o.a.j.g.u.JMeterMenuBar: setRunning(true, *local*)
2021-06-26 21:40:12,554 INFO o.a.j.e.StandardJMeterEngine: Starting ThreadGroup: 1 : 執行緒群組
2021-06-26 21:40:12,554 INFO o.a.j.e.StandardJMeterEngine: Starting 1 threads for group 執行緒群組.
2021-06-26 21:40:12,554 INFO o.a.j.e.StandardJMeterEngine: Thread will continue on error
2021-06-26 21:40:12,555 INFO o.a.j.t.ThreadGroup: Starting thread group... number=1 threads=1 ramp-up=1 delayedStart=false
2021-06-26 21:40:12,570 INFO o.a.j.t.ThreadGroup: Started thread group number 1
2021-06-26 21:40:12,576 INFO o.a.j.e.StandardJMeterEngine: All thread groups have been started
2021-06-26 21:40:12,580 INFO o.a.j.t.JMeterThread: Thread started: 執行緒群組 1-1
2021-06-26 21:40:15,125 INFO o.a.j.t.JMeterThread: Thread is done: 執行緒群組 1-1
2021-06-26 21:40:15,126 INFO o.a.j.t.JMeterThread: Thread finished: 執行緒群組 1-1
2021-06-26 21:40:15,126 INFO o.a.j.e.StandardJMeterEngine: Notifying test listeners of end of test
2021-06-26 21:40:15,127 INFO o.a.j.g.u.JMeterMenuBar: setRunning(false, *local*)
2021-06-26 21:41:23,968 INFO o.a.j.v.ViewResultsFullVisualizer: Add JavaFX to your Java installation if you want to use renderer: org.apache.jmeter.visualizers.RenderInBrowser
2021-06-26 21:41:24,121 INFO o.a.j.g.a.Load: Loading file: /home/selab/jason/apache-jmeter-5.2.1/bin/彙整報告.jmx
2021-06-26 21:41:24,122 INFO o.a.j.s.FileServer: Set new base='/home/selab/jason/apache-jmeter-5.2.1/bin'
2021-06-26 21:41:24,122 INFO o.a.j.s.SaveService: Loading file: /home/selab/jason/apache-jmeter-5.2.1/bin/彙整報告.jmx
2021-06-26 21:41:24,276 INFO o.a.j.v.ViewResultsFullVisualizer: Add JavaFX to your Java installation if you want to use renderer: org.apache.jmeter.visualizers.RenderInBrowser
2021-06-26 21:41:24,338 INFO o.a.j.s.FileServer: Set new base='/home/selab/jason/apache-jmeter-5.2.1/bin'
2021-06-26 21:41:25,433 INFO o.a.j.e.StandardJMeterEngine: Running the test!
2021-06-26 21:41:25,434 INFO o.a.j.s.SampleEvent: List of sample_variables: []
2021-06-26 21:41:25,446 INFO o.a.j.g.u.JMeterMenuBar: setRunning(true, *local*)
2021-06-26 21:41:26,159 INFO o.a.j.e.StandardJMeterEngine: Starting ThreadGroup: 1 : 執行緒群組
2021-06-26 21:41:26,159 INFO o.a.j.e.StandardJMeterEngine: Starting 1 threads for group 執行緒群組.
2021-06-26 21:41:26,160 INFO o.a.j.e.StandardJMeterEngine: Thread will continue on error
2021-06-26 21:41:26,160 INFO o.a.j.t.ThreadGroup: Starting thread group... number=1 threads=1 ramp-up=1 delayedStart=false
2021-06-26 21:41:26,165 INFO o.a.j.t.ThreadGroup: Started thread group number 1
2021-06-26 21:41:26,165 INFO o.a.j.e.StandardJMeterEngine: All thread groups have been started
2021-06-26 21:41:26,172 INFO o.a.j.t.JMeterThread: Thread started: 執行緒群組 1-1
2021-06-26 21:41:28,151 INFO o.a.j.t.JMeterThread: Thread is done: 執行緒群組 1-1
2021-06-26 21:41:28,151 INFO o.a.j.t.JMeterThread: Thread finished: 執行緒群組 1-1
2021-06-26 21:41:28,152 INFO o.a.j.e.StandardJMeterEngine: Notifying test listeners of end of test
2021-06-26 21:41:28,152 INFO o.a.j.g.u.JMeterMenuBar: setRunning(false, *local*)
2021-06-26 21:49:52,994 INFO o.a.j.e.StandardJMeterEngine: Running the test!
2021-06-26 21:49:52,994 INFO o.a.j.s.SampleEvent: List of sample_variables: []
2021-06-26 21:49:53,012 INFO o.a.j.g.u.JMeterMenuBar: setRunning(true, *local*)
2021-06-26 21:49:53,499 INFO o.a.j.e.StandardJMeterEngine: Starting ThreadGroup: 1 : 執行緒群組
2021-06-26 21:49:53,499 INFO o.a.j.e.StandardJMeterEngine: Starting 1 threads for group 執行緒群組.
2021-06-26 21:49:53,499 INFO o.a.j.e.StandardJMeterEngine: Thread will continue on error
2021-06-26 21:49:53,500 INFO o.a.j.t.ThreadGroup: Starting thread group... number=1 threads=1 ramp-up=1 delayedStart=false
2021-06-26 21:49:53,505 INFO o.a.j.t.ThreadGroup: Started thread group number 1
2021-06-26 21:49:53,505 INFO o.a.j.e.StandardJMeterEngine: All thread groups have been started
2021-06-26 21:49:53,521 INFO o.a.j.t.JMeterThread: Thread started: 執行緒群組 1-1
2021-06-26 21:49:55,265 INFO o.a.j.t.JMeterThread: Thread is done: 執行緒群組 1-1
2021-06-26 21:49:55,265 INFO o.a.j.t.JMeterThread: Thread finished: 執行緒群組 1-1
2021-06-26 21:49:55,266 INFO o.a.j.e.StandardJMeterEngine: Notifying test listeners of end of test
2021-06-26 21:49:55,266 INFO o.a.j.g.u.JMeterMenuBar: setRunning(false, *local*)
2021-06-26 21:52:21,680 INFO o.a.j.v.ViewResultsFullVisualizer: Add JavaFX to your Java installation if you want to use renderer: org.apache.jmeter.visualizers.RenderInBrowser
2021-06-26 21:52:21,808 INFO o.a.j.g.a.Load: Loading file: /home/selab/jason/apache-jmeter-5.2.1/bin/彙整報告.jmx
2021-06-26 21:52:21,808 INFO o.a.j.s.FileServer: Set new base='/home/selab/jason/apache-jmeter-5.2.1/bin'
2021-06-26 21:52:21,808 INFO o.a.j.s.SaveService: Loading file: /home/selab/jason/apache-jmeter-5.2.1/bin/彙整報告.jmx
2021-06-26 21:52:21,838 INFO o.a.j.v.ViewResultsFullVisualizer: Add JavaFX to your Java installation if you want to use renderer: org.apache.jmeter.visualizers.RenderInBrowser
2021-06-26 21:52:21,920 INFO o.a.j.s.FileServer: Set new base='/home/selab/jason/apache-jmeter-5.2.1/bin'
2021-06-26 21:52:23,277 INFO o.a.j.e.StandardJMeterEngine: Running the test!
2021-06-26 21:52:23,284 INFO o.a.j.s.SampleEvent: List of sample_variables: []
2021-06-26 21:52:23,294 INFO o.a.j.g.u.JMeterMenuBar: setRunning(true, *local*)
2021-06-26 21:52:23,814 INFO o.a.j.e.StandardJMeterEngine: Starting ThreadGroup: 1 : 執行緒群組
2021-06-26 21:52:23,814 INFO o.a.j.e.StandardJMeterEngine: Starting 1 threads for group 執行緒群組.
2021-06-26 21:52:23,814 INFO o.a.j.e.StandardJMeterEngine: Thread will continue on error
2021-06-26 21:52:23,814 INFO o.a.j.t.ThreadGroup: Starting thread group... number=1 threads=1 ramp-up=1 delayedStart=false
2021-06-26 21:52:23,823 INFO o.a.j.t.ThreadGroup: Started thread group number 1
2021-06-26 21:52:23,823 INFO o.a.j.e.StandardJMeterEngine: All thread groups have been started
2021-06-26 21:52:23,855 INFO o.a.j.t.JMeterThread: Thread started: 執行緒群組 1-1
2021-06-26 21:52:25,898 INFO o.a.j.t.JMeterThread: Thread is done: 執行緒群組 1-1
2021-06-26 21:52:25,898 INFO o.a.j.t.JMeterThread: Thread finished: 執行緒群組 1-1
2021-06-26 21:52:25,899 INFO o.a.j.e.StandardJMeterEngine: Notifying test listeners of end of test
2021-06-26 21:52:25,899 INFO o.a.j.g.u.JMeterMenuBar: setRunning(false, *local*)
2021-06-26 21:53:01,147 INFO o.a.j.v.ViewResultsFullVisualizer: Add JavaFX to your Java installation if you want to use renderer: org.apache.jmeter.visualizers.RenderInBrowser
2021-06-26 21:53:01,235 INFO o.a.j.g.a.Load: Loading file: /home/selab/jason/apache-jmeter-5.2.1/bin/彙整報告.jmx
2021-06-26 21:53:01,235 INFO o.a.j.s.FileServer: Set new base='/home/selab/jason/apache-jmeter-5.2.1/bin'
2021-06-26 21:53:01,235 INFO o.a.j.s.SaveService: Loading file: /home/selab/jason/apache-jmeter-5.2.1/bin/彙整報告.jmx
2021-06-26 21:53:01,315 INFO o.a.j.v.ViewResultsFullVisualizer: Add JavaFX to your Java installation if you want to use renderer: org.apache.jmeter.visualizers.RenderInBrowser
2021-06-26 21:53:01,445 INFO o.a.j.s.FileServer: Set new base='/home/selab/jason/apache-jmeter-5.2.1/bin'
2021-06-26 21:53:04,345 INFO o.a.j.e.StandardJMeterEngine: Running the test!
2021-06-26 21:53:04,346 INFO o.a.j.s.SampleEvent: List of sample_variables: []
2021-06-26 21:53:04,352 INFO o.a.j.g.u.JMeterMenuBar: setRunning(true, *local*)
2021-06-26 21:53:04,982 INFO o.a.j.e.StandardJMeterEngine: Starting ThreadGroup: 1 : 執行緒群組
2021-06-26 21:53:04,982 INFO o.a.j.e.StandardJMeterEngine: Starting 1 threads for group 執行緒群組.
2021-06-26 21:53:04,982 INFO o.a.j.e.StandardJMeterEngine: Thread will continue on error
2021-06-26 21:53:04,982 INFO o.a.j.t.ThreadGroup: Starting thread group... number=1 threads=1 ramp-up=1 delayedStart=false
2021-06-26 21:53:04,990 INFO o.a.j.t.ThreadGroup: Started thread group number 1
2021-06-26 21:53:04,990 INFO o.a.j.e.StandardJMeterEngine: All thread groups have been started
2021-06-26 21:53:04,996 INFO o.a.j.t.JMeterThread: Thread started: 執行緒群組 1-1
2021-06-26 21:53:23,212 INFO o.a.j.t.JMeterThread: Thread is done: 執行緒群組 1-1
2021-06-26 21:53:23,212 INFO o.a.j.t.JMeterThread: Thread finished: 執行緒群組 1-1
2021-06-26 21:53:23,212 INFO o.a.j.e.StandardJMeterEngine: Notifying test listeners of end of test
2021-06-26 21:53:23,213 INFO o.a.j.g.u.JMeterMenuBar: setRunning(false, *local*)
2021-06-26 21:56:43,319 INFO o.a.j.e.StandardJMeterEngine: Running the test!
2021-06-26 21:56:43,320 INFO o.a.j.s.SampleEvent: List of sample_variables: []
2021-06-26 21:56:43,324 INFO o.a.j.g.u.JMeterMenuBar: setRunning(true, *local*)
2021-06-26 21:56:43,757 INFO o.a.j.e.StandardJMeterEngine: Starting ThreadGroup: 1 : 執行緒群組
2021-06-26 21:56:43,758 INFO o.a.j.e.StandardJMeterEngine: Starting 1 threads for group 執行緒群組.
2021-06-26 21:56:43,758 INFO o.a.j.e.StandardJMeterEngine: Thread will continue on error
2021-06-26 21:56:43,758 INFO o.a.j.t.ThreadGroup: Starting thread group... number=1 threads=1 ramp-up=1 delayedStart=false
2021-06-26 21:56:43,763 INFO o.a.j.t.ThreadGroup: Started thread group number 1
2021-06-26 21:56:43,764 INFO o.a.j.e.StandardJMeterEngine: All thread groups have been started
2021-06-26 21:56:43,776 INFO o.a.j.t.JMeterThread: Thread started: 執行緒群組 1-1
2021-06-26 21:56:59,693 INFO o.a.j.t.JMeterThread: Thread is done: 執行緒群組 1-1
2021-06-26 21:56:59,693 INFO o.a.j.t.JMeterThread: Thread finished: 執行緒群組 1-1
2021-06-26 21:56:59,693 INFO o.a.j.e.StandardJMeterEngine: Notifying test listeners of end of test
2021-06-26 21:56:59,694 INFO o.a.j.g.u.JMeterMenuBar: setRunning(false, *local*)
2021-06-27 19:26:55,903 INFO o.a.j.e.StandardJMeterEngine: Running the test!
2021-06-27 19:26:55,904 INFO o.a.j.s.SampleEvent: List of sample_variables: []
2021-06-27 19:26:55,914 INFO o.a.j.g.u.JMeterMenuBar: setRunning(true, *local*)
2021-06-27 19:26:56,801 INFO o.a.j.e.StandardJMeterEngine: Starting ThreadGroup: 1 : 執行緒群組
2021-06-27 19:26:56,801 INFO o.a.j.e.StandardJMeterEngine: Starting 1 threads for group 執行緒群組.
2021-06-27 19:26:56,801 INFO o.a.j.e.StandardJMeterEngine: Thread will continue on error
2021-06-27 19:26:56,801 INFO o.a.j.t.ThreadGroup: Starting thread group... number=1 threads=1 ramp-up=1 delayedStart=false
2021-06-27 19:26:56,809 INFO o.a.j.t.ThreadGroup: Started thread group number 1
2021-06-27 19:26:56,809 INFO o.a.j.e.StandardJMeterEngine: All thread groups have been started
2021-06-27 19:26:56,820 INFO o.a.j.t.JMeterThread: Thread started: 執行緒群組 1-1
2021-06-27 19:27:13,433 INFO o.a.j.t.JMeterThread: Thread is done: 執行緒群組 1-1
2021-06-27 19:27:13,434 INFO o.a.j.t.JMeterThread: Thread finished: 執行緒群組 1-1
2021-06-27 19:27:13,434 INFO o.a.j.e.StandardJMeterEngine: Notifying test listeners of end of test
2021-06-27 19:27:13,434 INFO o.a.j.g.u.JMeterMenuBar: setRunning(false, *local*)
2021-06-27 19:28:55,295 INFO o.a.j.v.ViewResultsFullVisualizer: Add JavaFX to your Java installation if you want to use renderer: org.apache.jmeter.visualizers.RenderInBrowser
2021-06-27 19:28:55,403 INFO o.a.j.g.a.Load: Loading file: /home/selab/jason/apache-jmeter-5.2.1/bin/彙整報告.jmx
2021-06-27 19:28:55,418 INFO o.a.j.s.FileServer: Set new base='/home/selab/jason/apache-jmeter-5.2.1/bin'
2021-06-27 19:28:55,418 INFO o.a.j.s.SaveService: Loading file: /home/selab/jason/apache-jmeter-5.2.1/bin/彙整報告.jmx
2021-06-27 19:28:55,500 INFO o.a.j.v.ViewResultsFullVisualizer: Add JavaFX to your Java installation if you want to use renderer: org.apache.jmeter.visualizers.RenderInBrowser
2021-06-27 19:28:55,665 INFO o.a.j.s.FileServer: Set new base='/home/selab/jason/apache-jmeter-5.2.1/bin'
2021-06-27 19:28:58,408 INFO o.a.j.e.StandardJMeterEngine: Running the test!
2021-06-27 19:28:58,409 INFO o.a.j.s.SampleEvent: List of sample_variables: []
2021-06-27 19:28:58,418 INFO o.a.j.g.u.JMeterMenuBar: setRunning(true, *local*)
2021-06-27 19:28:59,046 INFO o.a.j.e.StandardJMeterEngine: Starting ThreadGroup: 1 : 執行緒群組
2021-06-27 19:28:59,046 INFO o.a.j.e.StandardJMeterEngine: Starting 1 threads for group 執行緒群組.
2021-06-27 19:28:59,046 INFO o.a.j.e.StandardJMeterEngine: Thread will continue on error
2021-06-27 19:28:59,046 INFO o.a.j.t.ThreadGroup: Starting thread group... number=1 threads=1 ramp-up=1 delayedStart=false
2021-06-27 19:28:59,052 INFO o.a.j.t.ThreadGroup: Started thread group number 1
2021-06-27 19:28:59,052 INFO o.a.j.e.StandardJMeterEngine: All thread groups have been started
2021-06-27 19:28:59,063 INFO o.a.j.t.JMeterThread: Thread started: 執行緒群組 1-1
2021-06-27 19:29:14,219 INFO o.a.j.t.JMeterThread: Thread is done: 執行緒群組 1-1
2021-06-27 19:29:14,220 INFO o.a.j.t.JMeterThread: Thread finished: 執行緒群組 1-1
2021-06-27 19:29:14,220 INFO o.a.j.e.StandardJMeterEngine: Notifying test listeners of end of test
2021-06-27 19:29:14,220 INFO o.a.j.g.u.JMeterMenuBar: setRunning(false, *local*)
2021-06-27 19:29:46,871 INFO o.a.j.e.StandardJMeterEngine: Running the test!
2021-06-27 19:29:46,872 INFO o.a.j.s.SampleEvent: List of sample_variables: []
2021-06-27 19:29:46,877 INFO o.a.j.g.u.JMeterMenuBar: setRunning(true, *local*)
2021-06-27 19:29:47,477 INFO o.a.j.e.StandardJMeterEngine: Starting ThreadGroup: 1 : 執行緒群組
2021-06-27 19:29:47,477 INFO o.a.j.e.StandardJMeterEngine: Starting 1 threads for group 執行緒群組.
2021-06-27 19:29:47,477 INFO o.a.j.e.StandardJMeterEngine: Thread will continue on error
2021-06-27 19:29:47,477 INFO o.a.j.t.ThreadGroup: Starting thread group... number=1 threads=1 ramp-up=1 delayedStart=false
2021-06-27 19:29:47,486 INFO o.a.j.t.ThreadGroup: Started thread group number 1
2021-06-27 19:29:47,486 INFO o.a.j.e.StandardJMeterEngine: All thread groups have been started
2021-06-27 19:29:47,494 INFO o.a.j.t.JMeterThread: Thread started: 執行緒群組 1-1
2021-06-27 19:30:05,393 INFO o.a.j.t.JMeterThread: Thread is done: 執行緒群組 1-1
2021-06-27 19:30:05,397 INFO o.a.j.t.JMeterThread: Thread finished: 執行緒群組 1-1
2021-06-27 19:30:05,398 INFO o.a.j.e.StandardJMeterEngine: Notifying test listeners of end of test
2021-06-27 19:30:05,398 INFO o.a.j.g.u.JMeterMenuBar: setRunning(false, *local*)
2021-06-27 19:31:07,179 INFO o.a.j.e.StandardJMeterEngine: Running the test!
2021-06-27 19:31:07,179 INFO o.a.j.s.SampleEvent: List of sample_variables: []
2021-06-27 19:31:07,182 INFO o.a.j.g.u.JMeterMenuBar: setRunning(true, *local*)
2021-06-27 19:31:07,458 INFO o.a.j.e.StandardJMeterEngine: Starting ThreadGroup: 1 : 執行緒群組
2021-06-27 19:31:07,458 INFO o.a.j.e.StandardJMeterEngine: Starting 1 threads for group 執行緒群組.
2021-06-27 19:31:07,458 INFO o.a.j.e.StandardJMeterEngine: Thread will continue on error
2021-06-27 19:31:07,458 INFO o.a.j.t.ThreadGroup: Starting thread group... number=1 threads=1 ramp-up=1 delayedStart=false
2021-06-27 19:31:07,465 INFO o.a.j.t.ThreadGroup: Started thread group number 1
2021-06-27 19:31:07,466 INFO o.a.j.e.StandardJMeterEngine: All thread groups have been started
2021-06-27 19:31:07,474 INFO o.a.j.t.JMeterThread: Thread started: 執行緒群組 1-1
2021-06-27 19:31:20,799 INFO o.a.j.t.JMeterThread: Thread is done: 執行緒群組 1-1
2021-06-27 19:31:20,799 INFO o.a.j.t.JMeterThread: Thread finished: 執行緒群組 1-1
2021-06-27 19:31:20,799 INFO o.a.j.e.StandardJMeterEngine: Notifying test listeners of end of test
2021-06-27 19:31:20,800 INFO o.a.j.g.u.JMeterMenuBar: setRunning(false, *local*)
2021-06-27 19:57:50,910 INFO o.a.j.e.StandardJMeterEngine: Running the test!
2021-06-27 19:57:50,911 INFO o.a.j.s.SampleEvent: List of sample_variables: []
2021-06-27 19:57:50,928 INFO o.a.j.g.u.JMeterMenuBar: setRunning(true, *local*)
2021-06-27 19:57:51,626 INFO o.a.j.e.StandardJMeterEngine: Starting ThreadGroup: 1 : 執行緒群組
2021-06-27 19:57:51,626 INFO o.a.j.e.StandardJMeterEngine: Starting 22 threads for group 執行緒群組.
2021-06-27 19:57:51,626 INFO o.a.j.e.StandardJMeterEngine: Thread will continue on error
2021-06-27 19:57:51,626 INFO o.a.j.t.ThreadGroup: Starting thread group... number=1 threads=22 ramp-up=1 delayedStart=false
2021-06-27 19:57:51,648 INFO o.a.j.t.JMeterThread: Thread started: 執行緒群組 1-1
2021-06-27 19:57:51,716 INFO o.a.j.t.JMeterThread: Thread started: 執行緒群組 1-2
2021-06-27 19:57:51,751 INFO o.a.j.t.JMeterThread: Thread started: 執行緒群組 1-3
2021-06-27 19:57:51,782 INFO o.a.j.t.JMeterThread: Thread started: 執行緒群組 1-4
2021-06-27 19:57:51,824 INFO o.a.j.t.JMeterThread: Thread started: 執行緒群組 1-5
2021-06-27 19:57:51,862 INFO o.a.j.t.JMeterThread: Thread started: 執行緒群組 1-6
2021-06-27 19:57:51,905 INFO o.a.j.t.ThreadGroup: Started thread group number 1
2021-06-27 19:57:51,905 INFO o.a.j.e.StandardJMeterEngine: All thread groups have been started
2021-06-27 19:57:51,917 INFO o.a.j.t.JMeterThread: Thread started: 執行緒群組 1-7
2021-06-27 19:57:51,958 INFO o.a.j.t.JMeterThread: Thread started: 執行緒群組 1-8
2021-06-27 19:57:51,999 INFO o.a.j.t.JMeterThread: Thread started: 執行緒群組 1-9
2021-06-27 19:57:52,039 INFO o.a.j.t.JMeterThread: Thread started: 執行緒群組 1-10
2021-06-27 19:57:52,102 INFO o.a.j.t.JMeterThread: Thread started: 執行緒群組 1-11
2021-06-27 19:57:52,135 INFO o.a.j.t.JMeterThread: Thread started: 執行緒群組 1-12
2021-06-27 19:57:52,179 INFO o.a.j.t.JMeterThread: Thread started: 執行緒群組 1-13
2021-06-27 19:57:52,221 INFO o.a.j.t.JMeterThread: Thread started: 執行緒群組 1-14
2021-06-27 19:57:52,277 INFO o.a.j.t.JMeterThread: Thread started: 執行緒群組 1-15
2021-06-27 19:57:52,312 INFO o.a.j.t.JMeterThread: Thread started: 執行緒群組 1-16
2021-06-27 19:57:52,356 INFO o.a.j.t.JMeterThread: Thread started: 執行緒群組 1-17
2021-06-27 19:57:52,406 INFO o.a.j.t.JMeterThread: Thread started: 執行緒群組 1-18
2021-06-27 19:57:52,440 INFO o.a.j.t.JMeterThread: Thread started: 執行緒群組 1-19
2021-06-27 19:57:52,514 INFO o.a.j.t.JMeterThread: Thread started: 執行緒群組 1-20
2021-06-27 19:57:52,535 INFO o.a.j.t.JMeterThread: Thread started: 執行緒群組 1-21
2021-06-27 19:57:52,586 INFO o.a.j.t.JMeterThread: Thread started: 執行緒群組 1-22
2021-06-27 19:58:26,112 INFO o.a.j.t.JMeterThread: Thread is done: 執行緒群組 1-1
2021-06-27 19:58:26,112 INFO o.a.j.t.JMeterThread: Thread finished: 執行緒群組 1-1
2021-06-27 19:58:30,491 INFO o.a.j.t.JMeterThread: Thread is done: 執行緒群組 1-5
2021-06-27 19:58:30,491 INFO o.a.j.t.JMeterThread: Thread finished: 執行緒群組 1-5
2021-06-27 19:58:30,617 INFO o.a.j.t.JMeterThread: Thread is done: 執行緒群組 1-9
2021-06-27 19:58:30,617 INFO o.a.j.t.JMeterThread: Thread finished: 執行緒群組 1-9
2021-06-27 19:58:30,834 INFO o.a.j.t.JMeterThread: Thread is done: 執行緒群組 1-3
2021-06-27 19:58:30,834 INFO o.a.j.t.JMeterThread: Thread finished: 執行緒群組 1-3
2021-06-27 19:58:30,946 INFO o.a.j.t.JMeterThread: Thread is done: 執行緒群組 1-14
2021-06-27 19:58:30,946 INFO o.a.j.t.JMeterThread: Thread finished: 執行緒群組 1-14
2021-06-27 19:58:31,144 INFO o.a.j.t.JMeterThread: Thread is done: 執行緒群組 1-4
2021-06-27 19:58:31,144 INFO o.a.j.t.JMeterThread: Thread finished: 執行緒群組 1-4
2021-06-27 19:58:31,595 INFO o.a.j.t.JMeterThread: Thread is done: 執行緒群組 1-11
2021-06-27 19:58:31,596 INFO o.a.j.t.JMeterThread: Thread finished: 執行緒群組 1-11
2021-06-27 19:58:31,695 INFO o.a.j.t.JMeterThread: Thread is done: 執行緒群組 1-7
2021-06-27 19:58:31,695 INFO o.a.j.t.JMeterThread: Thread finished: 執行緒群組 1-7
2021-06-27 19:58:31,727 INFO o.a.j.t.JMeterThread: Thread is done: 執行緒群組 1-17
2021-06-27 19:58:31,727 INFO o.a.j.t.JMeterThread: Thread finished: 執行緒群組 1-17
2021-06-27 19:58:31,805 INFO o.a.j.t.JMeterThread: Thread is done: 執行緒群組 1-12
2021-06-27 19:58:31,806 INFO o.a.j.t.JMeterThread: Thread finished: 執行緒群組 1-12
2021-06-27 19:58:31,906 INFO o.a.j.t.JMeterThread: Thread is done: 執行緒群組 1-15
2021-06-27 19:58:31,907 INFO o.a.j.t.JMeterThread: Thread finished: 執行緒群組 1-15
2021-06-27 19:58:31,929 INFO o.a.j.t.JMeterThread: Thread is done: 執行緒群組 1-22
2021-06-27 19:58:31,930 INFO o.a.j.t.JMeterThread: Thread finished: 執行緒群組 1-22
2021-06-27 19:58:31,944 INFO o.a.j.t.JMeterThread: Thread is done: 執行緒群組 1-20
2021-06-27 19:58:31,944 INFO o.a.j.t.JMeterThread: Thread finished: 執行緒群組 1-20
2021-06-27 19:58:32,176 INFO o.a.j.t.JMeterThread: Thread is done: 執行緒群組 1-18
2021-06-27 19:58:32,177 INFO o.a.j.t.JMeterThread: Thread finished: 執行緒群組 1-18
2021-06-27 19:58:32,193 INFO o.a.j.t.JMeterThread: Thread is done: 執行緒群組 1-6
2021-06-27 19:58:32,193 INFO o.a.j.t.JMeterThread: Thread finished: 執行緒群組 1-6
2021-06-27 19:58:32,216 INFO o.a.j.t.JMeterThread: Thread is done: 執行緒群組 1-13
2021-06-27 19:58:32,216 INFO o.a.j.t.JMeterThread: Thread finished: 執行緒群組 1-13
2021-06-27 19:58:32,335 INFO o.a.j.t.JMeterThread: Thread is done: 執行緒群組 1-2
2021-06-27 19:58:32,335 INFO o.a.j.t.JMeterThread: Thread finished: 執行緒群組 1-2
2021-06-27 19:58:32,527 INFO o.a.j.t.JMeterThread: Thread is done: 執行緒群組 1-10
2021-06-27 19:58:32,527 INFO o.a.j.t.JMeterThread: Thread finished: 執行緒群組 1-10
2021-06-27 19:58:32,568 INFO o.a.j.t.JMeterThread: Thread is done: 執行緒群組 1-8
2021-06-27 19:58:32,568 INFO o.a.j.t.JMeterThread: Thread finished: 執行緒群組 1-8
2021-06-27 19:58:32,588 INFO o.a.j.t.JMeterThread: Thread is done: 執行緒群組 1-16
2021-06-27 19:58:32,588 INFO o.a.j.t.JMeterThread: Thread finished: 執行緒群組 1-16
2021-06-27 19:58:32,722 INFO o.a.j.t.JMeterThread: Thread is done: 執行緒群組 1-21
2021-06-27 19:58:32,723 INFO o.a.j.t.JMeterThread: Thread finished: 執行緒群組 1-21
2021-06-27 19:58:32,749 INFO o.a.j.t.JMeterThread: Thread is done: 執行緒群組 1-19
2021-06-27 19:58:32,750 INFO o.a.j.t.JMeterThread: Thread finished: 執行緒群組 1-19
2021-06-27 19:58:32,750 INFO o.a.j.e.StandardJMeterEngine: Notifying test listeners of end of test
2021-06-27 19:58:32,751 INFO o.a.j.g.u.JMeterMenuBar: setRunning(false, *local*)
2021-06-27 20:16:43,159 INFO o.a.j.e.StandardJMeterEngine: Running the test!
2021-06-27 20:16:43,161 INFO o.a.j.s.SampleEvent: List of sample_variables: []
2021-06-27 20:16:43,167 INFO o.a.j.g.u.JMeterMenuBar: setRunning(true, *local*)
2021-06-27 20:16:43,939 INFO o.a.j.e.StandardJMeterEngine: Starting ThreadGroup: 1 : 執行緒群組
2021-06-27 20:16:43,940 INFO o.a.j.e.StandardJMeterEngine: Starting 22 threads for group 執行緒群組.
2021-06-27 20:16:43,940 INFO o.a.j.e.StandardJMeterEngine: Thread will continue on error
2021-06-27 20:16:43,940 INFO o.a.j.t.ThreadGroup: Starting thread group... number=1 threads=22 ramp-up=1 delayedStart=false
2021-06-27 20:16:43,949 INFO o.a.j.t.JMeterThread: Thread started: 執行緒群組 1-1
2021-06-27 20:16:43,993 INFO o.a.j.t.JMeterThread: Thread started: 執行緒群組 1-2
2021-06-27 20:16:44,050 INFO o.a.j.t.JMeterThread: Thread started: 執行緒群組 1-3
2021-06-27 20:16:44,092 INFO o.a.j.t.JMeterThread: Thread started: 執行緒群組 1-4
2021-06-27 20:16:44,108 INFO o.a.j.t.ThreadGroup: Started thread group number 1
2021-06-27 20:16:44,108 INFO o.a.j.e.StandardJMeterEngine: All thread groups have been started
2021-06-27 20:16:44,126 INFO o.a.j.t.JMeterThread: Thread started: 執行緒群組 1-5
2021-06-27 20:16:44,179 INFO o.a.j.t.JMeterThread: Thread started: 執行緒群組 1-6
2021-06-27 20:16:44,220 INFO o.a.j.t.JMeterThread: Thread started: 執行緒群組 1-7
2021-06-27 20:16:44,261 INFO o.a.j.t.JMeterThread: Thread started: 執行緒群組 1-8
2021-06-27 20:16:44,309 INFO o.a.j.t.JMeterThread: Thread started: 執行緒群組 1-9
2021-06-27 20:16:44,358 INFO o.a.j.t.JMeterThread: Thread started: 執行緒群組 1-10
2021-06-27 20:16:44,398 INFO o.a.j.t.JMeterThread: Thread started: 執行緒群組 1-11
2021-06-27 20:16:44,438 INFO o.a.j.t.JMeterThread: Thread started: 執行緒群組 1-12
2021-06-27 20:16:44,501 INFO o.a.j.t.JMeterThread: Thread started: 執行緒群組 1-13
2021-06-27 20:16:44,535 INFO o.a.j.t.JMeterThread: Thread started: 執行緒群組 1-14
2021-06-27 20:16:44,580 INFO o.a.j.t.JMeterThread: Thread started: 執行緒群組 1-15
2021-06-27 20:16:44,621 INFO o.a.j.t.JMeterThread: Thread started: 執行緒群組 1-16
2021-06-27 20:16:44,677 INFO o.a.j.t.JMeterThread: Thread started: 執行緒群組 1-17
2021-06-27 20:16:44,720 INFO o.a.j.t.JMeterThread: Thread started: 執行緒群組 1-18
2021-06-27 20:16:44,759 INFO o.a.j.t.JMeterThread: Thread started: 執行緒群組 1-19
2021-06-27 20:16:44,805 INFO o.a.j.t.JMeterThread: Thread started: 執行緒群組 1-20
2021-06-27 20:16:44,851 INFO o.a.j.t.JMeterThread: Thread started: 執行緒群組 1-21
2021-06-27 20:16:44,895 INFO o.a.j.t.JMeterThread: Thread started: 執行緒群組 1-22
2021-06-27 20:17:06,692 INFO o.a.j.t.JMeterThread: Thread is done: 執行緒群組 1-5
2021-06-27 20:17:06,692 INFO o.a.j.t.JMeterThread: Thread finished: 執行緒群組 1-5
2021-06-27 20:17:07,403 INFO o.a.j.t.JMeterThread: Thread is done: 執行緒群組 1-21
2021-06-27 20:17:07,403 INFO o.a.j.t.JMeterThread: Thread finished: 執行緒群組 1-21
2021-06-27 20:17:07,523 INFO o.a.j.t.JMeterThread: Thread is done: 執行緒群組 1-11
2021-06-27 20:17:07,523 INFO o.a.j.t.JMeterThread: Thread finished: 執行緒群組 1-11
2021-06-27 20:17:08,936 INFO o.a.j.t.JMeterThread: Thread is done: 執行緒群組 1-20
2021-06-27 20:17:08,936 INFO o.a.j.t.JMeterThread: Thread finished: 執行緒群組 1-20
2021-06-27 20:17:09,822 INFO o.a.j.t.JMeterThread: Thread is done: 執行緒群組 1-2
2021-06-27 20:17:09,822 INFO o.a.j.t.JMeterThread: Thread finished: 執行緒群組 1-2
2021-06-27 20:17:09,927 INFO o.a.j.t.JMeterThread: Thread is done: 執行緒群組 1-12
2021-06-27 20:17:09,927 INFO o.a.j.t.JMeterThread: Thread finished: 執行緒群組 1-12
2021-06-27 20:17:09,975 INFO o.a.j.t.JMeterThread: Thread is done: 執行緒群組 1-9
2021-06-27 20:17:09,976 INFO o.a.j.t.JMeterThread: Thread finished: 執行緒群組 1-9
2021-06-27 20:17:10,067 INFO o.a.j.t.JMeterThread: Thread is done: 執行緒群組 1-6
2021-06-27 20:17:10,067 INFO o.a.j.t.JMeterThread: Thread finished: 執行緒群組 1-6
2021-06-27 20:17:10,273 INFO o.a.j.t.JMeterThread: Thread is done: 執行緒群組 1-22
2021-06-27 20:17:10,273 INFO o.a.j.t.JMeterThread: Thread finished: 執行緒群組 1-22
2021-06-27 20:17:10,360 INFO o.a.j.t.JMeterThread: Thread is done: 執行緒群組 1-4
2021-06-27 20:17:10,361 INFO o.a.j.t.JMeterThread: Thread finished: 執行緒群組 1-4
2021-06-27 20:17:10,385 INFO o.a.j.t.JMeterThread: Thread is done: 執行緒群組 1-8
2021-06-27 20:17:10,385 INFO o.a.j.t.JMeterThread: Thread finished: 執行緒群組 1-8
2021-06-27 20:17:10,433 INFO o.a.j.t.JMeterThread: Thread is done: 執行緒群組 1-16
2021-06-27 20:17:10,433 INFO o.a.j.t.JMeterThread: Thread finished: 執行緒群組 1-16
2021-06-27 20:17:10,437 INFO o.a.j.t.JMeterThread: Thread is done: 執行緒群組 1-15
2021-06-27 20:17:10,437 INFO o.a.j.t.JMeterThread: Thread finished: 執行緒群組 1-15
2021-06-27 20:17:10,778 INFO o.a.j.t.JMeterThread: Thread is done: 執行緒群組 1-10
2021-06-27 20:17:10,778 INFO o.a.j.t.JMeterThread: Thread finished: 執行緒群組 1-10
2021-06-27 20:17:10,900 INFO o.a.j.t.JMeterThread: Thread is done: 執行緒群組 1-3
2021-06-27 20:17:10,900 INFO o.a.j.t.JMeterThread: Thread finished: 執行緒群組 1-3
2021-06-27 20:17:10,971 INFO o.a.j.t.JMeterThread: Thread is done: 執行緒群組 1-1
2021-06-27 20:17:10,971 INFO o.a.j.t.JMeterThread: Thread finished: 執行緒群組 1-1
2021-06-27 20:17:10,974 INFO o.a.j.t.JMeterThread: Thread is done: 執行緒群組 1-7
2021-06-27 20:17:10,974 INFO o.a.j.t.JMeterThread: Thread finished: 執行緒群組 1-7
2021-06-27 20:17:11,108 INFO o.a.j.t.JMeterThread: Thread is done: 執行緒群組 1-19
2021-06-27 20:17:11,108 INFO o.a.j.t.JMeterThread: Thread finished: 執行緒群組 1-19
2021-06-27 20:17:11,113 INFO o.a.j.t.JMeterThread: Thread is done: 執行緒群組 1-17
2021-06-27 20:17:11,113 INFO o.a.j.t.JMeterThread: Thread finished: 執行緒群組 1-17
2021-06-27 20:17:11,134 INFO o.a.j.t.JMeterThread: Thread is done: 執行緒群組 1-18
2021-06-27 20:17:11,134 INFO o.a.j.t.JMeterThread: Thread finished: 執行緒群組 1-18
2021-06-27 20:17:11,210 INFO o.a.j.t.JMeterThread: Thread is done: 執行緒群組 1-13
2021-06-27 20:17:11,210 INFO o.a.j.t.JMeterThread: Thread finished: 執行緒群組 1-13
2021-06-27 20:17:11,312 INFO o.a.j.t.JMeterThread: Thread is done: 執行緒群組 1-14
2021-06-27 20:17:11,312 INFO o.a.j.t.JMeterThread: Thread finished: 執行緒群組 1-14
2021-06-27 20:17:11,313 INFO o.a.j.e.StandardJMeterEngine: Notifying test listeners of end of test
2021-06-27 20:17:11,313 INFO o.a.j.g.u.JMeterMenuBar: setRunning(false, *local*)
2021-06-27 20:47:12,953 INFO o.a.j.e.StandardJMeterEngine: Running the test!
2021-06-27 20:47:12,954 INFO o.a.j.s.SampleEvent: List of sample_variables: []
2021-06-27 20:47:12,954 INFO o.a.j.g.u.JMeterMenuBar: setRunning(true, *local*)
2021-06-27 20:47:13,559 INFO o.a.j.e.StandardJMeterEngine: Starting ThreadGroup: 1 : 執行緒群組
2021-06-27 20:47:13,559 INFO o.a.j.e.StandardJMeterEngine: Starting 22 threads for group 執行緒群組.
2021-06-27 20:47:13,559 INFO o.a.j.e.StandardJMeterEngine: Thread will continue on error
2021-06-27 20:47:13,560 INFO o.a.j.t.ThreadGroup: Starting thread group... number=1 threads=22 ramp-up=1 delayedStart=false
2021-06-27 20:47:13,567 INFO o.a.j.t.JMeterThread: Thread started: 執行緒群組 1-1
2021-06-27 20:47:13,615 INFO o.a.j.t.JMeterThread: Thread started: 執行緒群組 1-2
2021-06-27 20:47:13,657 INFO o.a.j.t.JMeterThread: Thread started: 執行緒群組 1-3
2021-06-27 20:47:13,712 INFO o.a.j.t.JMeterThread: Thread started: 執行緒群組 1-4
2021-06-27 20:47:13,754 INFO o.a.j.t.JMeterThread: Thread started: 執行緒群組 1-5
2021-06-27 20:47:13,794 INFO o.a.j.t.JMeterThread: Thread started: 執行緒群組 1-6
2021-06-27 20:47:13,834 INFO o.a.j.t.JMeterThread: Thread started: 執行緒群組 1-7
2021-06-27 20:47:13,883 INFO o.a.j.t.JMeterThread: Thread started: 執行緒群組 1-8
2021-06-27 20:47:13,911 INFO o.a.j.t.ThreadGroup: Started thread group number 1
2021-06-27 20:47:13,911 INFO o.a.j.e.StandardJMeterEngine: All thread groups have been started
2021-06-27 20:47:13,935 INFO o.a.j.t.JMeterThread: Thread started: 執行緒群組 1-9
2021-06-27 20:47:13,976 INFO o.a.j.t.JMeterThread: Thread started: 執行緒群組 1-10
2021-06-27 20:47:14,054 INFO o.a.j.t.JMeterThread: Thread started: 執行緒群組 1-11
2021-06-27 20:47:14,059 INFO o.a.j.t.JMeterThread: Thread started: 執行緒群組 1-12
2021-06-27 20:47:14,118 INFO o.a.j.t.JMeterThread: Thread started: 執行緒群組 1-13
2021-06-27 20:47:14,167 INFO o.a.j.t.JMeterThread: Thread started: 執行緒群組 1-14
2021-06-27 20:47:14,196 INFO o.a.j.t.JMeterThread: Thread started: 執行緒群組 1-15
2021-06-27 20:47:14,243 INFO o.a.j.t.JMeterThread: Thread started: 執行緒群組 1-16
2021-06-27 20:47:14,305 INFO o.a.j.t.JMeterThread: Thread started: 執行緒群組 1-17
2021-06-27 20:47:14,401 INFO o.a.j.t.JMeterThread: Thread started: 執行緒群組 1-18
2021-06-27 20:47:14,421 INFO o.a.j.t.JMeterThread: Thread started: 執行緒群組 1-19
2021-06-27 20:47:14,434 INFO o.a.j.t.JMeterThread: Thread started: 執行緒群組 1-20
2021-06-27 20:47:14,472 INFO o.a.j.t.JMeterThread: Thread started: 執行緒群組 1-21
2021-06-27 20:47:14,559 INFO o.a.j.t.JMeterThread: Thread started: 執行緒群組 1-22
2021-06-27 20:47:44,048 INFO o.a.j.t.JMeterThread: Thread is done: 執行緒群組 1-11
2021-06-27 20:47:44,048 INFO o.a.j.t.JMeterThread: Thread finished: 執行緒群組 1-11
2021-06-27 20:47:44,191 INFO o.a.j.t.JMeterThread: Thread is done: 執行緒群組 1-17
2021-06-27 20:47:44,191 INFO o.a.j.t.JMeterThread: Thread finished: 執行緒群組 1-17
2021-06-27 20:47:44,637 INFO o.a.j.t.JMeterThread: Thread is done: 執行緒群組 1-12
2021-06-27 20:47:44,637 INFO o.a.j.t.JMeterThread: Thread finished: 執行緒群組 1-12
2021-06-27 20:47:45,177 INFO o.a.j.t.JMeterThread: Thread is done: 執行緒群組 1-4
2021-06-27 20:47:45,178 INFO o.a.j.t.JMeterThread: Thread finished: 執行緒群組 1-4
2021-06-27 20:47:45,294 INFO o.a.j.t.JMeterThread: Thread is done: 執行緒群組 1-18
2021-06-27 20:47:45,294 INFO o.a.j.t.JMeterThread: Thread finished: 執行緒群組 1-18
2021-06-27 20:47:45,511 INFO o.a.j.t.JMeterThread: Thread is done: 執行緒群組 1-22
2021-06-27 20:47:45,511 INFO o.a.j.t.JMeterThread: Thread finished: 執行緒群組 1-22
2021-06-27 20:47:45,817 INFO o.a.j.t.JMeterThread: Thread is done: 執行緒群組 1-9
2021-06-27 20:47:45,817 INFO o.a.j.t.JMeterThread: Thread finished: 執行緒群組 1-9
2021-06-27 20:47:46,079 INFO o.a.j.t.JMeterThread: Thread is done: 執行緒群組 1-13
2021-06-27 20:47:46,079 INFO o.a.j.t.JMeterThread: Thread finished: 執行緒群組 1-13
2021-06-27 20:47:46,103 INFO o.a.j.t.JMeterThread: Thread is done: 執行緒群組 1-2
2021-06-27 20:47:46,103 INFO o.a.j.t.JMeterThread: Thread finished: 執行緒群組 1-2
2021-06-27 20:47:46,258 INFO o.a.j.t.JMeterThread: Thread is done: 執行緒群組 1-1
2021-06-27 20:47:46,258 INFO o.a.j.t.JMeterThread: Thread finished: 執行緒群組 1-1
2021-06-27 20:47:46,633 INFO o.a.j.t.JMeterThread: Thread is done: 執行緒群組 1-15
2021-06-27 20:47:46,633 INFO o.a.j.t.JMeterThread: Thread finished: 執行緒群組 1-15
2021-06-27 20:47:46,757 INFO o.a.j.t.JMeterThread: Thread is done: 執行緒群組 1-20
2021-06-27 20:47:46,757 INFO o.a.j.t.JMeterThread: Thread finished: 執行緒群組 1-20
2021-06-27 20:47:46,782 INFO o.a.j.t.JMeterThread: Thread is done: 執行緒群組 1-14
2021-06-27 20:47:46,782 INFO o.a.j.t.JMeterThread: Thread finished: 執行緒群組 1-14
2021-06-27 20:47:46,805 INFO o.a.j.t.JMeterThread: Thread is done: 執行緒群組 1-6
2021-06-27 20:47:46,805 INFO o.a.j.t.JMeterThread: Thread finished: 執行緒群組 1-6
2021-06-27 20:47:46,877 INFO o.a.j.t.JMeterThread: Thread is done: 執行緒群組 1-7
2021-06-27 20:47:46,877 INFO o.a.j.t.JMeterThread: Thread finished: 執行緒群組 1-7
2021-06-27 20:47:46,910 INFO o.a.j.t.JMeterThread: Thread is done: 執行緒群組 1-19
2021-06-27 20:47:46,910 INFO o.a.j.t.JMeterThread: Thread finished: 執行緒群組 1-19
2021-06-27 20:47:46,919 INFO o.a.j.t.JMeterThread: Thread is done: 執行緒群組 1-10
2021-06-27 20:47:46,920 INFO o.a.j.t.JMeterThread: Thread finished: 執行緒群組 1-10
2021-06-27 20:47:47,082 INFO o.a.j.t.JMeterThread: Thread is done: 執行緒群組 1-3
2021-06-27 20:47:47,082 INFO o.a.j.t.JMeterThread: Thread finished: 執行緒群組 1-3
2021-06-27 20:47:47,180 INFO o.a.j.t.JMeterThread: Thread is done: 執行緒群組 1-21
2021-06-27 20:47:47,180 INFO o.a.j.t.JMeterThread: Thread finished: 執行緒群組 1-21
2021-06-27 20:47:47,220 INFO o.a.j.t.JMeterThread: Thread is done: 執行緒群組 1-16
2021-06-27 20:47:47,220 INFO o.a.j.t.JMeterThread: Thread finished: 執行緒群組 1-16
2021-06-27 20:47:47,326 INFO o.a.j.t.JMeterThread: Thread is done: 執行緒群組 1-8
2021-06-27 20:47:47,326 INFO o.a.j.t.JMeterThread: Thread finished: 執行緒群組 1-8
2021-06-27 20:47:47,402 INFO o.a.j.t.JMeterThread: Thread is done: 執行緒群組 1-5
2021-06-27 20:47:47,402 INFO o.a.j.t.JMeterThread: Thread finished: 執行緒群組 1-5
2021-06-27 20:47:47,402 INFO o.a.j.e.StandardJMeterEngine: Notifying test listeners of end of test
2021-06-27 20:47:47,403 INFO o.a.j.g.u.JMeterMenuBar: setRunning(false, *local*)
2021-06-27 21:08:13,561 INFO o.a.j.e.StandardJMeterEngine: Running the test!
2021-06-27 21:08:13,562 INFO o.a.j.s.SampleEvent: List of sample_variables: []
2021-06-27 21:08:13,563 INFO o.a.j.g.u.JMeterMenuBar: setRunning(true, *local*)
2021-06-27 21:08:13,987 INFO o.a.j.e.StandardJMeterEngine: Starting ThreadGroup: 1 : 執行緒群組
2021-06-27 21:08:13,987 INFO o.a.j.e.StandardJMeterEngine: Starting 11 threads for group 執行緒群組.
2021-06-27 21:08:13,987 INFO o.a.j.e.StandardJMeterEngine: Thread will continue on error
2021-06-27 21:08:13,987 INFO o.a.j.t.ThreadGroup: Starting thread group... number=1 threads=11 ramp-up=1 delayedStart=false
2021-06-27 21:08:14,006 INFO o.a.j.t.JMeterThread: Thread started: 執行緒群組 1-1
2021-06-27 21:08:14,089 INFO o.a.j.t.JMeterThread: Thread started: 執行緒群組 1-2
2021-06-27 21:08:14,098 INFO o.a.j.t.ThreadGroup: Started thread group number 1
2021-06-27 21:08:14,099 INFO o.a.j.e.StandardJMeterEngine: All thread groups have been started
2021-06-27 21:08:14,182 INFO o.a.j.t.JMeterThread: Thread started: 執行緒群組 1-3
2021-06-27 21:08:14,281 INFO o.a.j.t.JMeterThread: Thread started: 執行緒群組 1-4
2021-06-27 21:08:14,355 INFO o.a.j.t.JMeterThread: Thread started: 執行緒群組 1-5
2021-06-27 21:08:14,457 INFO o.a.j.t.JMeterThread: Thread started: 執行緒群組 1-6
2021-06-27 21:08:14,557 INFO o.a.j.t.JMeterThread: Thread started: 執行緒群組 1-7
2021-06-27 21:08:14,646 INFO o.a.j.t.JMeterThread: Thread started: 執行緒群組 1-8
2021-06-27 21:08:14,728 INFO o.a.j.t.JMeterThread: Thread started: 執行緒群組 1-9
2021-06-27 21:08:14,823 INFO o.a.j.t.JMeterThread: Thread started: 執行緒群組 1-10
2021-06-27 21:08:14,906 INFO o.a.j.t.JMeterThread: Thread started: 執行緒群組 1-11
2021-06-27 21:08:37,163 INFO o.a.j.t.JMeterThread: Thread is done: 執行緒群組 1-1
2021-06-27 21:08:37,163 INFO o.a.j.t.JMeterThread: Thread finished: 執行緒群組 1-1
2021-06-27 21:08:37,448 INFO o.a.j.t.JMeterThread: Thread is done: 執行緒群組 1-5
2021-06-27 21:08:37,448 INFO o.a.j.t.JMeterThread: Thread finished: 執行緒群組 1-5
2021-06-27 21:08:39,098 INFO o.a.j.t.JMeterThread: Thread is done: 執行緒群組 1-8
2021-06-27 21:08:39,098 INFO o.a.j.t.JMeterThread: Thread finished: 執行緒群組 1-8
2021-06-27 21:08:39,374 INFO o.a.j.t.JMeterThread: Thread is done: 執行緒群組 1-10
2021-06-27 21:08:39,375 INFO o.a.j.t.JMeterThread: Thread finished: 執行緒群組 1-10
2021-06-27 21:08:39,488 INFO o.a.j.t.JMeterThread: Thread is done: 執行緒群組 1-11
2021-06-27 21:08:39,489 INFO o.a.j.t.JMeterThread: Thread finished: 執行緒群組 1-11
2021-06-27 21:08:39,579 INFO o.a.j.t.JMeterThread: Thread is done: 執行緒群組 1-3
2021-06-27 21:08:39,579 INFO o.a.j.t.JMeterThread: Thread finished: 執行緒群組 1-3
2021-06-27 21:08:39,803 INFO o.a.j.t.JMeterThread: Thread is done: 執行緒群組 1-2
2021-06-27 21:08:39,804 INFO o.a.j.t.JMeterThread: Thread finished: 執行緒群組 1-2
2021-06-27 21:08:40,141 INFO o.a.j.t.JMeterThread: Thread is done: 執行緒群組 1-7
2021-06-27 21:08:40,141 INFO o.a.j.t.JMeterThread: Thread finished: 執行緒群組 1-7
2021-06-27 21:08:40,165 INFO o.a.j.t.JMeterThread: Thread is done: 執行緒群組 1-6
2021-06-27 21:08:40,165 INFO o.a.j.t.JMeterThread: Thread finished: 執行緒群組 1-6
2021-06-27 21:08:40,271 INFO o.a.j.t.JMeterThread: Thread is done: 執行緒群組 1-9
2021-06-27 21:08:40,271 INFO o.a.j.t.JMeterThread: Thread finished: 執行緒群組 1-9
2021-06-27 21:08:40,443 INFO o.a.j.t.JMeterThread: Thread is done: 執行緒群組 1-4
2021-06-27 21:08:40,443 INFO o.a.j.t.JMeterThread: Thread finished: 執行緒群組 1-4
2021-06-27 21:08:40,444 INFO o.a.j.e.StandardJMeterEngine: Notifying test listeners of end of test
2021-06-27 21:08:40,444 INFO o.a.j.g.u.JMeterMenuBar: setRunning(false, *local*)
2021-06-27 21:09:26,049 INFO o.a.j.e.StandardJMeterEngine: Running the test!
2021-06-27 21:09:26,050 INFO o.a.j.s.SampleEvent: List of sample_variables: []
2021-06-27 21:09:26,050 INFO o.a.j.g.u.JMeterMenuBar: setRunning(true, *local*)
2021-06-27 21:09:26,064 INFO o.a.j.e.StandardJMeterEngine: Starting ThreadGroup: 1 : 執行緒群組
2021-06-27 21:09:26,064 INFO o.a.j.e.StandardJMeterEngine: Starting 11 threads for group 執行緒群組.
2021-06-27 21:09:26,064 INFO o.a.j.e.StandardJMeterEngine: Thread will continue on error
2021-06-27 21:09:26,064 INFO o.a.j.t.ThreadGroup: Starting thread group... number=1 threads=11 ramp-up=1 delayedStart=false
2021-06-27 21:09:26,076 INFO o.a.j.t.JMeterThread: Thread started: 執行緒群組 1-1
2021-06-27 21:09:26,157 INFO o.a.j.t.ThreadGroup: Started thread group number 1
2021-06-27 21:09:26,158 INFO o.a.j.e.StandardJMeterEngine: All thread groups have been started
2021-06-27 21:09:26,168 INFO o.a.j.t.JMeterThread: Thread started: 執行緒群組 1-2
2021-06-27 21:09:26,258 INFO o.a.j.t.JMeterThread: Thread started: 執行緒群組 1-3
2021-06-27 21:09:26,349 INFO o.a.j.t.JMeterThread: Thread started: 執行緒群組 1-4
2021-06-27 21:09:26,441 INFO o.a.j.t.JMeterThread: Thread started: 執行緒群組 1-5
2021-06-27 21:09:26,527 INFO o.a.j.t.JMeterThread: Thread started: 執行緒群組 1-6
2021-06-27 21:09:26,636 INFO o.a.j.t.JMeterThread: Thread started: 執行緒群組 1-7
2021-06-27 21:09:26,715 INFO o.a.j.t.JMeterThread: Thread started: 執行緒群組 1-8
2021-06-27 21:09:26,802 INFO o.a.j.t.JMeterThread: Thread started: 執行緒群組 1-9
2021-06-27 21:09:26,890 INFO o.a.j.t.JMeterThread: Thread started: 執行緒群組 1-10
2021-06-27 21:09:26,984 INFO o.a.j.t.JMeterThread: Thread started: 執行緒群組 1-11
2021-06-27 21:09:40,951 INFO o.a.j.t.JMeterThread: Thread is done: 執行緒群組 1-2
2021-06-27 21:09:40,952 INFO o.a.j.t.JMeterThread: Thread finished: 執行緒群組 1-2
2021-06-27 21:09:41,635 INFO o.a.j.t.JMeterThread: Thread is done: 執行緒群組 1-5
2021-06-27 21:09:41,635 INFO o.a.j.t.JMeterThread: Thread finished: 執行緒群組 1-5
2021-06-27 21:09:42,094 INFO o.a.j.t.JMeterThread: Thread is done: 執行緒群組 1-3
2021-06-27 21:09:42,094 INFO o.a.j.t.JMeterThread: Thread finished: 執行緒群組 1-3
2021-06-27 21:09:42,159 INFO o.a.j.t.JMeterThread: Thread is done: 執行緒群組 1-1
2021-06-27 21:09:42,160 INFO o.a.j.t.JMeterThread: Thread finished: 執行緒群組 1-1
2021-06-27 21:09:42,221 INFO o.a.j.t.JMeterThread: Thread is done: 執行緒群組 1-6
2021-06-27 21:09:42,222 INFO o.a.j.t.JMeterThread: Thread finished: 執行緒群組 1-6
2021-06-27 21:09:42,304 INFO o.a.j.t.JMeterThread: Thread is done: 執行緒群組 1-10
2021-06-27 21:09:42,304 INFO o.a.j.t.JMeterThread: Thread finished: 執行緒群組 1-10
2021-06-27 21:09:42,447 INFO o.a.j.t.JMeterThread: Thread is done: 執行緒群組 1-7
2021-06-27 21:09:42,447 INFO o.a.j.t.JMeterThread: Thread finished: 執行緒群組 1-7
2021-06-27 21:09:42,541 INFO o.a.j.t.JMeterThread: Thread is done: 執行緒群組 1-4
2021-06-27 21:09:42,541 INFO o.a.j.t.JMeterThread: Thread finished: 執行緒群組 1-4
2021-06-27 21:09:42,869 INFO o.a.j.t.JMeterThread: Thread is done: 執行緒群組 1-8
2021-06-27 21:09:42,869 INFO o.a.j.t.JMeterThread: Thread finished: 執行緒群組 1-8
2021-06-27 21:09:43,082 INFO o.a.j.t.JMeterThread: Thread is done: 執行緒群組 1-9
2021-06-27 21:09:43,082 INFO o.a.j.t.JMeterThread: Thread finished: 執行緒群組 1-9
2021-06-27 21:09:43,313 INFO o.a.j.t.JMeterThread: Thread is done: 執行緒群組 1-11
2021-06-27 21:09:43,313 INFO o.a.j.t.JMeterThread: Thread finished: 執行緒群組 1-11
2021-06-27 21:09:43,314 INFO o.a.j.e.StandardJMeterEngine: Notifying test listeners of end of test
2021-06-27 21:09:43,314 INFO o.a.j.g.u.JMeterMenuBar: setRunning(false, *local*)
2021-06-27 21:10:07,128 INFO o.a.j.e.StandardJMeterEngine: Running the test!
2021-06-27 21:10:07,129 INFO o.a.j.s.SampleEvent: List of sample_variables: []
2021-06-27 21:10:07,129 INFO o.a.j.g.u.JMeterMenuBar: setRunning(true, *local*)
2021-06-27 21:10:07,433 INFO o.a.j.e.StandardJMeterEngine: Starting ThreadGroup: 1 : 執行緒群組
2021-06-27 21:10:07,434 INFO o.a.j.e.StandardJMeterEngine: Starting 11 threads for group 執行緒群組.
2021-06-27 21:10:07,434 INFO o.a.j.e.StandardJMeterEngine: Thread will continue on error
2021-06-27 21:10:07,434 INFO o.a.j.t.ThreadGroup: Starting thread group... number=1 threads=11 ramp-up=1 delayedStart=false
2021-06-27 21:10:07,448 INFO o.a.j.t.JMeterThread: Thread started: 執行緒群組 1-1
2021-06-27 21:10:07,536 INFO o.a.j.t.JMeterThread: Thread started: 執行緒群組 1-2
2021-06-27 21:10:07,542 INFO o.a.j.t.ThreadGroup: Started thread group number 1
2021-06-27 21:10:07,542 INFO o.a.j.e.StandardJMeterEngine: All thread groups have been started
2021-06-27 21:10:07,625 INFO o.a.j.t.JMeterThread: Thread started: 執行緒群組 1-3
2021-06-27 21:10:07,723 INFO o.a.j.t.JMeterThread: Thread started: 執行緒群組 1-4
2021-06-27 21:10:07,813 INFO o.a.j.t.JMeterThread: Thread started: 執行緒群組 1-5
2021-06-27 21:10:07,901 INFO o.a.j.t.JMeterThread: Thread started: 執行緒群組 1-6
2021-06-27 21:10:07,989 INFO o.a.j.t.JMeterThread: Thread started: 執行緒群組 1-7
2021-06-27 21:10:08,081 INFO o.a.j.t.JMeterThread: Thread started: 執行緒群組 1-8
2021-06-27 21:10:08,172 INFO o.a.j.t.JMeterThread: Thread started: 執行緒群組 1-9
2021-06-27 21:10:08,272 INFO o.a.j.t.JMeterThread: Thread started: 執行緒群組 1-10
2021-06-27 21:10:08,362 INFO o.a.j.t.JMeterThread: Thread started: 執行緒群組 1-11
2021-06-27 21:10:28,808 INFO o.a.j.t.JMeterThread: Thread is done: 執行緒群組 1-2
2021-06-27 21:10:28,809 INFO o.a.j.t.JMeterThread: Thread finished: 執行緒群組 1-2
2021-06-27 21:10:28,837 INFO o.a.j.t.JMeterThread: Thread is done: 執行緒群組 1-8
2021-06-27 21:10:28,838 INFO o.a.j.t.JMeterThread: Thread finished: 執行緒群組 1-8
2021-06-27 21:10:28,840 INFO o.a.j.t.JMeterThread: Thread is done: 執行緒群組 1-4
2021-06-27 21:10:28,840 INFO o.a.j.t.JMeterThread: Thread finished: 執行緒群組 1-4
2021-06-27 21:10:29,567 INFO o.a.j.t.JMeterThread: Thread is done: 執行緒群組 1-6
2021-06-27 21:10:29,567 INFO o.a.j.t.JMeterThread: Thread finished: 執行緒群組 1-6
2021-06-27 21:10:29,631 INFO o.a.j.t.JMeterThread: Thread is done: 執行緒群組 1-10
2021-06-27 21:10:29,631 INFO o.a.j.t.JMeterThread: Thread finished: 執行緒群組 1-10
2021-06-27 21:10:29,684 INFO o.a.j.t.JMeterThread: Thread is done: 執行緒群組 1-1
2021-06-27 21:10:29,684 INFO o.a.j.t.JMeterThread: Thread finished: 執行緒群組 1-1
2021-06-27 21:10:29,738 INFO o.a.j.t.JMeterThread: Thread is done: 執行緒群組 1-5
2021-06-27 21:10:29,738 INFO o.a.j.t.JMeterThread: Thread finished: 執行緒群組 1-5
2021-06-27 21:10:29,871 INFO o.a.j.t.JMeterThread: Thread is done: 執行緒群組 1-3
2021-06-27 21:10:29,871 INFO o.a.j.t.JMeterThread: Thread finished: 執行緒群組 1-3
2021-06-27 21:10:30,321 INFO o.a.j.t.JMeterThread: Thread is done: 執行緒群組 1-7
2021-06-27 21:10:30,321 INFO o.a.j.t.JMeterThread: Thread finished: 執行緒群組 1-7
2021-06-27 21:10:30,368 INFO o.a.j.t.JMeterThread: Thread is done: 執行緒群組 1-11
2021-06-27 21:10:30,368 INFO o.a.j.t.JMeterThread: Thread finished: 執行緒群組 1-11
2021-06-27 21:10:30,496 INFO o.a.j.t.JMeterThread: Thread is done: 執行緒群組 1-9
2021-06-27 21:10:30,496 INFO o.a.j.t.JMeterThread: Thread finished: 執行緒群組 1-9
2021-06-27 21:10:30,496 INFO o.a.j.e.StandardJMeterEngine: Notifying test listeners of end of test
2021-06-27 21:10:30,496 INFO o.a.j.g.u.JMeterMenuBar: setRunning(false, *local*)
2021-06-27 21:11:35,051 INFO o.a.j.e.StandardJMeterEngine: Running the test!
2021-06-27 21:11:35,052 INFO o.a.j.s.SampleEvent: List of sample_variables: []
2021-06-27 21:11:35,052 INFO o.a.j.g.u.JMeterMenuBar: setRunning(true, *local*)
2021-06-27 21:11:35,326 INFO o.a.j.e.StandardJMeterEngine: Starting ThreadGroup: 1 : 執行緒群組
2021-06-27 21:11:35,327 INFO o.a.j.e.StandardJMeterEngine: Starting 6 threads for group 執行緒群組.
2021-06-27 21:11:35,327 INFO o.a.j.e.StandardJMeterEngine: Thread will continue on error
2021-06-27 21:11:35,327 INFO o.a.j.t.ThreadGroup: Starting thread group... number=1 threads=6 ramp-up=1 delayedStart=false
2021-06-27 21:11:35,338 INFO o.a.j.t.JMeterThread: Thread started: 執行緒群組 1-1
2021-06-27 21:11:35,385 INFO o.a.j.t.ThreadGroup: Started thread group number 1
2021-06-27 21:11:35,385 INFO o.a.j.e.StandardJMeterEngine: All thread groups have been started
2021-06-27 21:11:35,509 INFO o.a.j.t.JMeterThread: Thread started: 執行緒群組 1-2
2021-06-27 21:11:35,670 INFO o.a.j.t.JMeterThread: Thread started: 執行緒群組 1-3
2021-06-27 21:11:35,848 INFO o.a.j.t.JMeterThread: Thread started: 執行緒群組 1-4
2021-06-27 21:11:36,006 INFO o.a.j.t.JMeterThread: Thread started: 執行緒群組 1-5
2021-06-27 21:11:36,170 INFO o.a.j.t.JMeterThread: Thread started: 執行緒群組 1-6
2021-06-27 21:11:54,304 INFO o.a.j.t.JMeterThread: Thread is done: 執行緒群組 1-1
2021-06-27 21:11:54,304 INFO o.a.j.t.JMeterThread: Thread finished: 執行緒群組 1-1
2021-06-27 21:11:54,327 INFO o.a.j.t.JMeterThread: Thread is done: 執行緒群組 1-2
2021-06-27 21:11:54,327 INFO o.a.j.t.JMeterThread: Thread finished: 執行緒群組 1-2
2021-06-27 21:11:54,487 INFO o.a.j.t.JMeterThread: Thread is done: 執行緒群組 1-5
2021-06-27 21:11:54,487 INFO o.a.j.t.JMeterThread: Thread finished: 執行緒群組 1-5
2021-06-27 21:11:54,515 INFO o.a.j.t.JMeterThread: Thread is done: 執行緒群組 1-4
2021-06-27 21:11:54,515 INFO o.a.j.t.JMeterThread: Thread finished: 執行緒群組 1-4
2021-06-27 21:11:54,876 INFO o.a.j.t.JMeterThread: Thread is done: 執行緒群組 1-3
2021-06-27 21:11:54,876 INFO o.a.j.t.JMeterThread: Thread finished: 執行緒群組 1-3
2021-06-27 21:11:55,315 INFO o.a.j.t.JMeterThread: Thread is done: 執行緒群組 1-6
2021-06-27 21:11:55,315 INFO o.a.j.t.JMeterThread: Thread finished: 執行緒群組 1-6
2021-06-27 21:11:55,315 INFO o.a.j.e.StandardJMeterEngine: Notifying test listeners of end of test
2021-06-27 21:11:55,315 INFO o.a.j.g.u.JMeterMenuBar: setRunning(false, *local*)
2021-06-27 21:12:42,341 INFO o.a.j.e.StandardJMeterEngine: Running the test!
2021-06-27 21:12:42,341 INFO o.a.j.s.SampleEvent: List of sample_variables: []
2021-06-27 21:12:42,348 INFO o.a.j.g.u.JMeterMenuBar: setRunning(true, *local*)
2021-06-27 21:12:42,644 INFO o.a.j.e.StandardJMeterEngine: Starting ThreadGroup: 1 : 執行緒群組
2021-06-27 21:12:42,644 INFO o.a.j.e.StandardJMeterEngine: Starting 6 threads for group 執行緒群組.
2021-06-27 21:12:42,644 INFO o.a.j.e.StandardJMeterEngine: Thread will continue on error
2021-06-27 21:12:42,644 INFO o.a.j.t.ThreadGroup: Starting thread group... number=1 threads=6 ramp-up=1 delayedStart=false
2021-06-27 21:12:42,657 INFO o.a.j.t.JMeterThread: Thread started: 執行緒群組 1-1
2021-06-27 21:12:42,695 INFO o.a.j.t.ThreadGroup: Started thread group number 1
2021-06-27 21:12:42,695 INFO o.a.j.e.StandardJMeterEngine: All thread groups have been started
2021-06-27 21:12:42,818 INFO o.a.j.t.JMeterThread: Thread started: 執行緒群組 1-2
2021-06-27 21:12:43,003 INFO o.a.j.t.JMeterThread: Thread started: 執行緒群組 1-3
2021-06-27 21:12:43,154 INFO o.a.j.t.JMeterThread: Thread started: 執行緒群組 1-4
2021-06-27 21:12:43,323 INFO o.a.j.t.JMeterThread: Thread started: 執行緒群組 1-5
2021-06-27 21:12:43,495 INFO o.a.j.t.JMeterThread: Thread started: 執行緒群組 1-6
2021-06-27 21:12:55,826 INFO o.a.j.t.JMeterThread: Thread is done: 執行緒群組 1-3
2021-06-27 21:12:55,826 INFO o.a.j.t.JMeterThread: Thread finished: 執行緒群組 1-3
2021-06-27 21:12:56,173 INFO o.a.j.t.JMeterThread: Thread is done: 執行緒群組 1-5
2021-06-27 21:12:56,173 INFO o.a.j.t.JMeterThread: Thread finished: 執行緒群組 1-5
2021-06-27 21:12:56,196 INFO o.a.j.t.JMeterThread: Thread is done: 執行緒群組 1-1
2021-06-27 21:12:56,196 INFO o.a.j.t.JMeterThread: Thread finished: 執行緒群組 1-1
2021-06-27 21:12:56,306 INFO o.a.j.t.JMeterThread: Thread is done: 執行緒群組 1-2
2021-06-27 21:12:56,306 INFO o.a.j.t.JMeterThread: Thread finished: 執行緒群組 1-2
2021-06-27 21:12:56,789 INFO o.a.j.t.JMeterThread: Thread is done: 執行緒群組 1-4
2021-06-27 21:12:56,789 INFO o.a.j.t.JMeterThread: Thread finished: 執行緒群組 1-4
2021-06-27 21:12:57,065 INFO o.a.j.t.JMeterThread: Thread is done: 執行緒群組 1-6
2021-06-27 21:12:57,065 INFO o.a.j.t.JMeterThread: Thread finished: 執行緒群組 1-6
2021-06-27 21:12:57,065 INFO o.a.j.e.StandardJMeterEngine: Notifying test listeners of end of test
2021-06-27 21:12:57,065 INFO o.a.j.g.u.JMeterMenuBar: setRunning(false, *local*)
2021-06-27 21:13:40,809 INFO o.a.j.e.StandardJMeterEngine: Running the test!
2021-06-27 21:13:40,809 INFO o.a.j.s.SampleEvent: List of sample_variables: []
2021-06-27 21:13:40,810 INFO o.a.j.g.u.JMeterMenuBar: setRunning(true, *local*)
2021-06-27 21:13:41,187 INFO o.a.j.e.StandardJMeterEngine: Starting ThreadGroup: 1 : 執行緒群組
2021-06-27 21:13:41,187 INFO o.a.j.e.StandardJMeterEngine: Starting 6 threads for group 執行緒群組.
2021-06-27 21:13:41,187 INFO o.a.j.e.StandardJMeterEngine: Thread will continue on error
2021-06-27 21:13:41,187 INFO o.a.j.t.ThreadGroup: Starting thread group... number=1 threads=6 ramp-up=1 delayedStart=false
2021-06-27 21:13:41,201 INFO o.a.j.t.JMeterThread: Thread started: 執行緒群組 1-1
2021-06-27 21:13:41,240 INFO o.a.j.t.ThreadGroup: Started thread group number 1
2021-06-27 21:13:41,240 INFO o.a.j.e.StandardJMeterEngine: All thread groups have been started
2021-06-27 21:13:41,366 INFO o.a.j.t.JMeterThread: Thread started: 執行緒群組 1-2
2021-06-27 21:13:41,533 INFO o.a.j.t.JMeterThread: Thread started: 執行緒群組 1-3
2021-06-27 21:13:41,699 INFO o.a.j.t.JMeterThread: Thread started: 執行緒群組 1-4
2021-06-27 21:13:41,865 INFO o.a.j.t.JMeterThread: Thread started: 執行緒群組 1-5
2021-06-27 21:13:42,036 INFO o.a.j.t.JMeterThread: Thread started: 執行緒群組 1-6
2021-06-27 21:13:57,429 INFO o.a.j.t.JMeterThread: Thread is done: 執行緒群組 1-1
2021-06-27 21:13:57,429 INFO o.a.j.t.JMeterThread: Thread finished: 執行緒群組 1-1
2021-06-27 21:13:57,731 INFO o.a.j.t.JMeterThread: Thread is done: 執行緒群組 1-6
2021-06-27 21:13:57,731 INFO o.a.j.t.JMeterThread: Thread finished: 執行緒群組 1-6
2021-06-27 21:13:58,061 INFO o.a.j.t.JMeterThread: Thread is done: 執行緒群組 1-2
2021-06-27 21:13:58,061 INFO o.a.j.t.JMeterThread: Thread finished: 執行緒群組 1-2
2021-06-27 21:13:58,294 INFO o.a.j.t.JMeterThread: Thread is done: 執行緒群組 1-5
2021-06-27 21:13:58,294 INFO o.a.j.t.JMeterThread: Thread finished: 執行緒群組 1-5
2021-06-27 21:13:58,338 INFO o.a.j.t.JMeterThread: Thread is done: 執行緒群組 1-3
2021-06-27 21:13:58,338 INFO o.a.j.t.JMeterThread: Thread finished: 執行緒群組 1-3
2021-06-27 21:13:58,537 INFO o.a.j.t.JMeterThread: Thread is done: 執行緒群組 1-4
2021-06-27 21:13:58,537 INFO o.a.j.t.JMeterThread: Thread finished: 執行緒群組 1-4
2021-06-27 21:13:58,538 INFO o.a.j.e.StandardJMeterEngine: Notifying test listeners of end of test
2021-06-27 21:13:58,538 INFO o.a.j.g.u.JMeterMenuBar: setRunning(false, *local*)
2021-06-27 21:15:23,112 INFO o.a.j.e.StandardJMeterEngine: Running the test!
2021-06-27 21:15:23,112 INFO o.a.j.s.SampleEvent: List of sample_variables: []
2021-06-27 21:15:23,112 INFO o.a.j.g.u.JMeterMenuBar: setRunning(true, *local*)
2021-06-27 21:15:23,385 INFO o.a.j.e.StandardJMeterEngine: Starting ThreadGroup: 1 : 執行緒群組
2021-06-27 21:15:23,385 INFO o.a.j.e.StandardJMeterEngine: Starting 3 threads for group 執行緒群組.
2021-06-27 21:15:23,386 INFO o.a.j.e.StandardJMeterEngine: Thread will continue on error
2021-06-27 21:15:23,386 INFO o.a.j.t.ThreadGroup: Starting thread group... number=1 threads=3 ramp-up=1 delayedStart=false
2021-06-27 21:15:23,398 INFO o.a.j.t.JMeterThread: Thread started: 執行緒群組 1-1
2021-06-27 21:15:23,407 INFO o.a.j.t.ThreadGroup: Started thread group number 1
2021-06-27 21:15:23,408 INFO o.a.j.e.StandardJMeterEngine: All thread groups have been started
2021-06-27 21:15:23,727 INFO o.a.j.t.JMeterThread: Thread started: 執行緒群組 1-2
2021-06-27 21:15:24,066 INFO o.a.j.t.JMeterThread: Thread started: 執行緒群組 1-3
2021-06-27 21:15:39,287 INFO o.a.j.t.JMeterThread: Thread is done: 執行緒群組 1-1
2021-06-27 21:15:39,287 INFO o.a.j.t.JMeterThread: Thread finished: 執行緒群組 1-1
2021-06-27 21:15:39,291 INFO o.a.j.t.JMeterThread: Thread is done: 執行緒群組 1-2
2021-06-27 21:15:39,291 INFO o.a.j.t.JMeterThread: Thread finished: 執行緒群組 1-2
2021-06-27 21:15:40,161 INFO o.a.j.t.JMeterThread: Thread is done: 執行緒群組 1-3
2021-06-27 21:15:40,161 INFO o.a.j.t.JMeterThread: Thread finished: 執行緒群組 1-3
2021-06-27 21:15:40,161 INFO o.a.j.e.StandardJMeterEngine: Notifying test listeners of end of test
2021-06-27 21:15:40,161 INFO o.a.j.g.u.JMeterMenuBar: setRunning(false, *local*)
2021-06-27 21:16:32,665 INFO o.a.j.e.StandardJMeterEngine: Running the test!
2021-06-27 21:16:32,666 INFO o.a.j.s.SampleEvent: List of sample_variables: []
2021-06-27 21:16:32,666 INFO o.a.j.g.u.JMeterMenuBar: setRunning(true, *local*)
2021-06-27 21:16:32,979 INFO o.a.j.e.StandardJMeterEngine: Starting ThreadGroup: 1 : 執行緒群組
2021-06-27 21:16:32,979 INFO o.a.j.e.StandardJMeterEngine: Starting 3 threads for group 執行緒群組.
2021-06-27 21:16:32,979 INFO o.a.j.e.StandardJMeterEngine: Thread will continue on error
2021-06-27 21:16:32,979 INFO o.a.j.t.ThreadGroup: Starting thread group... number=1 threads=3 ramp-up=1 delayedStart=false
2021-06-27 21:16:32,996 INFO o.a.j.t.JMeterThread: Thread started: 執行緒群組 1-1
2021-06-27 21:16:33,007 INFO o.a.j.t.ThreadGroup: Started thread group number 1
2021-06-27 21:16:33,007 INFO o.a.j.e.StandardJMeterEngine: All thread groups have been started
2021-06-27 21:16:33,322 INFO o.a.j.t.JMeterThread: Thread started: 執行緒群組 1-2
2021-06-27 21:16:33,661 INFO o.a.j.t.JMeterThread: Thread started: 執行緒群組 1-3
2021-06-27 21:16:44,194 INFO o.a.j.t.JMeterThread: Thread is done: 執行緒群組 1-1
2021-06-27 21:16:44,194 INFO o.a.j.t.JMeterThread: Thread finished: 執行緒群組 1-1
2021-06-27 21:16:44,359 INFO o.a.j.t.JMeterThread: Thread is done: 執行緒群組 1-2
2021-06-27 21:16:44,359 INFO o.a.j.t.JMeterThread: Thread finished: 執行緒群組 1-2
2021-06-27 21:16:44,521 INFO o.a.j.t.JMeterThread: Thread is done: 執行緒群組 1-3
2021-06-27 21:16:44,521 INFO o.a.j.t.JMeterThread: Thread finished: 執行緒群組 1-3
2021-06-27 21:16:44,522 INFO o.a.j.e.StandardJMeterEngine: Notifying test listeners of end of test
2021-06-27 21:16:44,522 INFO o.a.j.g.u.JMeterMenuBar: setRunning(false, *local*)
2021-06-27 21:17:07,789 INFO o.a.j.e.StandardJMeterEngine: Running the test!
2021-06-27 21:17:07,789 INFO o.a.j.s.SampleEvent: List of sample_variables: []
2021-06-27 21:17:07,789 INFO o.a.j.g.u.JMeterMenuBar: setRunning(true, *local*)
2021-06-27 21:17:07,808 INFO o.a.j.e.StandardJMeterEngine: Starting ThreadGroup: 1 : 執行緒群組
2021-06-27 21:17:07,808 INFO o.a.j.e.StandardJMeterEngine: Starting 3 threads for group 執行緒群組.
2021-06-27 21:17:07,808 INFO o.a.j.e.StandardJMeterEngine: Thread will continue on error
2021-06-27 21:17:07,808 INFO o.a.j.t.ThreadGroup: Starting thread group... number=1 threads=3 ramp-up=1 delayedStart=false
2021-06-27 21:17:07,825 INFO o.a.j.t.JMeterThread: Thread started: 執行緒群組 1-1
2021-06-27 21:17:07,832 INFO o.a.j.t.ThreadGroup: Started thread group number 1
2021-06-27 21:17:07,833 INFO o.a.j.e.StandardJMeterEngine: All thread groups have been started
2021-06-27 21:17:08,153 INFO o.a.j.t.JMeterThread: Thread started: 執行緒群組 1-2
2021-06-27 21:17:08,487 INFO o.a.j.t.JMeterThread: Thread started: 執行緒群組 1-3
2021-06-27 21:17:21,387 INFO o.a.j.t.JMeterThread: Thread is done: 執行緒群組 1-1
2021-06-27 21:17:21,387 INFO o.a.j.t.JMeterThread: Thread finished: 執行緒群組 1-1
2021-06-27 21:17:22,010 INFO o.a.j.t.JMeterThread: Thread is done: 執行緒群組 1-2
2021-06-27 21:17:22,010 INFO o.a.j.t.JMeterThread: Thread finished: 執行緒群組 1-2
2021-06-27 21:17:22,209 INFO o.a.j.t.JMeterThread: Thread is done: 執行緒群組 1-3
2021-06-27 21:17:22,209 INFO o.a.j.t.JMeterThread: Thread finished: 執行緒群組 1-3
2021-06-27 21:17:22,209 INFO o.a.j.e.StandardJMeterEngine: Notifying test listeners of end of test
2021-06-27 21:17:22,209 INFO o.a.j.g.u.JMeterMenuBar: setRunning(false, *local*)
2021-06-27 21:17:54,520 INFO o.a.j.e.StandardJMeterEngine: Running the test!
2021-06-27 21:17:54,520 INFO o.a.j.s.SampleEvent: List of sample_variables: []
2021-06-27 21:17:54,521 INFO o.a.j.g.u.JMeterMenuBar: setRunning(true, *local*)
2021-06-27 21:17:54,908 INFO o.a.j.e.StandardJMeterEngine: Starting ThreadGroup: 1 : 執行緒群組
2021-06-27 21:17:54,909 INFO o.a.j.e.StandardJMeterEngine: Starting 1 threads for group 執行緒群組.
2021-06-27 21:17:54,909 INFO o.a.j.e.StandardJMeterEngine: Thread will continue on error
2021-06-27 21:17:54,909 INFO o.a.j.t.ThreadGroup: Starting thread group... number=1 threads=1 ramp-up=1 delayedStart=false
2021-06-27 21:17:54,915 INFO o.a.j.t.ThreadGroup: Started thread group number 1
2021-06-27 21:17:54,915 INFO o.a.j.e.StandardJMeterEngine: All thread groups have been started
2021-06-27 21:17:54,921 INFO o.a.j.t.JMeterThread: Thread started: 執行緒群組 1-1
2021-06-27 21:18:10,032 INFO o.a.j.t.JMeterThread: Thread is done: 執行緒群組 1-1
2021-06-27 21:18:10,032 INFO o.a.j.t.JMeterThread: Thread finished: 執行緒群組 1-1
2021-06-27 21:18:10,032 INFO o.a.j.e.StandardJMeterEngine: Notifying test listeners of end of test
2021-06-27 21:18:10,032 INFO o.a.j.g.u.JMeterMenuBar: setRunning(false, *local*)
2021-06-27 21:18:31,324 INFO o.a.j.e.StandardJMeterEngine: Running the test!
2021-06-27 21:18:31,324 INFO o.a.j.s.SampleEvent: List of sample_variables: []
2021-06-27 21:18:31,325 INFO o.a.j.g.u.JMeterMenuBar: setRunning(true, *local*)
2021-06-27 21:18:31,597 INFO o.a.j.e.StandardJMeterEngine: Starting ThreadGroup: 1 : 執行緒群組
2021-06-27 21:18:31,598 INFO o.a.j.e.StandardJMeterEngine: Starting 1 threads for group 執行緒群組.
2021-06-27 21:18:31,598 INFO o.a.j.e.StandardJMeterEngine: Thread will continue on error
2021-06-27 21:18:31,598 INFO o.a.j.t.ThreadGroup: Starting thread group... number=1 threads=1 ramp-up=1 delayedStart=false
2021-06-27 21:18:31,603 INFO o.a.j.t.ThreadGroup: Started thread group number 1
2021-06-27 21:18:31,603 INFO o.a.j.e.StandardJMeterEngine: All thread groups have been started
2021-06-27 21:18:31,610 INFO o.a.j.t.JMeterThread: Thread started: 執行緒群組 1-1
2021-06-27 21:18:40,156 INFO o.a.j.t.JMeterThread: Thread is done: 執行緒群組 1-1
2021-06-27 21:18:40,156 INFO o.a.j.t.JMeterThread: Thread finished: 執行緒群組 1-1
2021-06-27 21:18:40,156 INFO o.a.j.e.StandardJMeterEngine: Notifying test listeners of end of test
2021-06-27 21:18:40,156 INFO o.a.j.g.u.JMeterMenuBar: setRunning(false, *local*)
2021-06-27 21:19:13,365 INFO o.a.j.e.StandardJMeterEngine: Running the test!
2021-06-27 21:19:13,365 INFO o.a.j.s.SampleEvent: List of sample_variables: []
2021-06-27 21:19:13,366 INFO o.a.j.g.u.JMeterMenuBar: setRunning(true, *local*)
2021-06-27 21:19:13,636 INFO o.a.j.e.StandardJMeterEngine: Starting ThreadGroup: 1 : 執行緒群組
2021-06-27 21:19:13,636 INFO o.a.j.e.StandardJMeterEngine: Starting 1 threads for group 執行緒群組.
2021-06-27 21:19:13,636 INFO o.a.j.e.StandardJMeterEngine: Thread will continue on error
2021-06-27 21:19:13,637 INFO o.a.j.t.ThreadGroup: Starting thread group... number=1 threads=1 ramp-up=1 delayedStart=false
2021-06-27 21:19:13,642 INFO o.a.j.t.ThreadGroup: Started thread group number 1
2021-06-27 21:19:13,642 INFO o.a.j.e.StandardJMeterEngine: All thread groups have been started
2021-06-27 21:19:13,648 INFO o.a.j.t.JMeterThread: Thread started: 執行緒群組 1-1
2021-06-27 21:19:26,184 INFO o.a.j.t.JMeterThread: Thread is done: 執行緒群組 1-1
2021-06-27 21:19:26,184 INFO o.a.j.t.JMeterThread: Thread finished: 執行緒群組 1-1
2021-06-27 21:19:26,184 INFO o.a.j.e.StandardJMeterEngine: Notifying test listeners of end of test
2021-06-27 21:19:26,184 INFO o.a.j.g.u.JMeterMenuBar: setRunning(false, *local*)
